<?xml version="1.0" encoding="utf-8"?>
<coverage line-rate="0.5" branch-rate="0.5555" version="1.9" timestamp="1708437068" lines-covered="9" lines-valid="18" branches-covered="10" branches-valid="18">
  <sources>
    <source>C:\Users\v-sagodina\source\repos\UnitTesting\UnitTesting\</source>
  </sources>
  <packages>
    <package name="UnitTesting" line-rate="0.5" branch-rate="0.5555" complexity="19">
      <classes>
        <class name="Program" filename="Program.cs" line-rate="0" branch-rate="1" complexity="1">
          <methods>
            <method name="&lt;Main&gt;$" signature="(System.String[])" line-rate="0" branch-rate="1" complexity="1">
              <lines>
                <line number="4" hits="0" branch="False" />
                <line number="6" hits="0" branch="False" />
                <line number="8" hits="0" branch="False" />
                <line number="10" hits="0" branch="False" />
                <line number="11" hits="0" branch="False" />
              </lines>
            </method>
          </methods>
          <lines>
            <line number="4" hits="0" branch="False" />
            <line number="6" hits="0" branch="False" />
            <line number="8" hits="0" branch="False" />
            <line number="10" hits="0" branch="False" />
            <line number="11" hits="0" branch="False" />
          </lines>
        </class>
        <class name="StudentGrades.GradeCalculator" filename="GradesCalculator.cs" line-rate="0.6923" branch-rate="0.5555" complexity="18">
          <methods>
            <method name="GetGradeByPercentage" signature="(System.Int32)" line-rate="0.6923" branch-rate="0.5555" complexity="18">
              <lines>
                <line number="8" hits="5" branch="False" />
                <line number="10" hits="5" branch="True" condition-coverage="100% (2/2)">
                  <conditions>
                    <condition number="20" type="jump" coverage="100%" />
                  </conditions>
                </line>
                <line number="11" hits="3" branch="False" />
                <line number="12" hits="2" branch="True" condition-coverage="50% (2/4)">
                  <conditions>
                    <condition number="33" type="jump" coverage="50%" />
                    <condition number="45" type="jump" coverage="50%" />
                  </conditions>
                </line>
                <line number="13" hits="0" branch="False" />
                <line number="14" hits="2" branch="True" condition-coverage="50% (2/4)">
                  <conditions>
                    <condition number="58" type="jump" coverage="50%" />
                    <condition number="70" type="jump" coverage="50%" />
                  </conditions>
                </line>
                <line number="15" hits="0" branch="False" />
                <line number="16" hits="2" branch="True" condition-coverage="50% (2/4)">
                  <conditions>
                    <condition number="83" type="jump" coverage="50%" />
                    <condition number="97" type="jump" coverage="50%" />
                  </conditions>
                </line>
                <line number="17" hits="0" branch="False" />
                <line number="18" hits="2" branch="True" condition-coverage="50% (2/4)">
                  <conditions>
                    <condition number="109" type="jump" coverage="50%" />
                    <condition number="123" type="jump" coverage="50%" />
                  </conditions>
                </line>
                <line number="19" hits="2" branch="False" />
                <line number="21" hits="0" branch="False" />
                <line number="23" hits="5" branch="False" />
              </lines>
            </method>
          </methods>
          <lines>
            <line number="8" hits="5" branch="False" />
            <line number="10" hits="5" branch="True" condition-coverage="100% (2/2)">
              <conditions>
                <condition number="20" type="jump" coverage="100%" />
              </conditions>
            </line>
            <line number="11" hits="3" branch="False" />
            <line number="12" hits="2" branch="True" condition-coverage="50% (2/4)">
              <conditions>
                <condition number="33" type="jump" coverage="50%" />
                <condition number="45" type="jump" coverage="50%" />
              </conditions>
            </line>
            <line number="13" hits="0" branch="False" />
            <line number="14" hits="2" branch="True" condition-coverage="50% (2/4)">
              <conditions>
                <condition number="58" type="jump" coverage="50%" />
                <condition number="70" type="jump" coverage="50%" />
              </conditions>
            </line>
            <line number="15" hits="0" branch="False" />
            <line number="16" hits="2" branch="True" condition-coverage="50% (2/4)">
              <conditions>
                <condition number="83" type="jump" coverage="50%" />
                <condition number="97" type="jump" coverage="50%" />
              </conditions>
            </line>
            <line number="17" hits="0" branch="False" />
            <line number="18" hits="2" branch="True" condition-coverage="50% (2/4)">
              <conditions>
                <condition number="109" type="jump" coverage="50%" />
                <condition number="123" type="jump" coverage="50%" />
              </conditions>
            </line>
            <line number="19" hits="2" branch="False" />
            <line number="21" hits="0" branch="False" />
            <line number="23" hits="5" branch="False" />
          </lines>
        </class>
      </classes>
    </package>
  </packages>
</coverage>